{"/home/haus/springboard_bootcamp_dec_2023/express-jobly/app.js": {"path":"/home/haus/springboard_bootcamp_dec_2023/express-jobly/app.js","statementMap":{"0":{"start":{"line":5,"column":16},"end":{"line":5,"column":34}},"1":{"start":{"line":6,"column":13},"end":{"line":6,"column":28}},"2":{"start":{"line":8,"column":26},"end":{"line":8,"column":51}},"3":{"start":{"line":10,"column":28},"end":{"line":10,"column":56}},"4":{"start":{"line":11,"column":19},"end":{"line":11,"column":43}},"5":{"start":{"line":12,"column":24},"end":{"line":12,"column":53}},"6":{"start":{"line":13,"column":20},"end":{"line":13,"column":45}},"7":{"start":{"line":14,"column":19},"end":{"line":14,"column":43}},"8":{"start":{"line":17,"column":15},"end":{"line":17,"column":32}},"9":{"start":{"line":19,"column":12},"end":{"line":19,"column":21}},"10":{"start":{"line":21,"column":0},"end":{"line":21,"column":16}},"11":{"start":{"line":22,"column":0},"end":{"line":22,"column":24}},"12":{"start":{"line":23,"column":0},"end":{"line":23,"column":24}},"13":{"start":{"line":24,"column":0},"end":{"line":24,"column":25}},"14":{"start":{"line":26,"column":0},"end":{"line":26,"column":29}},"15":{"start":{"line":27,"column":0},"end":{"line":27,"column":39}},"16":{"start":{"line":28,"column":0},"end":{"line":28,"column":31}},"17":{"start":{"line":29,"column":0},"end":{"line":29,"column":29}},"18":{"start":{"line":32,"column":0},"end":{"line":34,"column":3}},"19":{"start":{"line":33,"column":2},"end":{"line":33,"column":35}},"20":{"start":{"line":37,"column":0},"end":{"line":45,"column":3}},"21":{"start":{"line":38,"column":2},"end":{"line":38,"column":64}},"22":{"start":{"line":38,"column":39},"end":{"line":38,"column":64}},"23":{"start":{"line":39,"column":17},"end":{"line":39,"column":34}},"24":{"start":{"line":40,"column":18},"end":{"line":40,"column":29}},"25":{"start":{"line":42,"column":2},"end":{"line":44,"column":5}},"26":{"start":{"line":47,"column":0},"end":{"line":47,"column":21}}},"fnMap":{"0":{"name":"(anonymous_0)","decl":{"start":{"line":32,"column":8},"end":{"line":32,"column":9}},"loc":{"start":{"line":32,"column":34},"end":{"line":34,"column":1}},"line":32},"1":{"name":"(anonymous_1)","decl":{"start":{"line":37,"column":8},"end":{"line":37,"column":9}},"loc":{"start":{"line":37,"column":39},"end":{"line":45,"column":1}},"line":37}},"branchMap":{"0":{"loc":{"start":{"line":38,"column":2},"end":{"line":38,"column":64}},"type":"if","locations":[{"start":{"line":38,"column":2},"end":{"line":38,"column":64}},{"start":{},"end":{}}],"line":38},"1":{"loc":{"start":{"line":39,"column":17},"end":{"line":39,"column":34}},"type":"binary-expr","locations":[{"start":{"line":39,"column":17},"end":{"line":39,"column":27}},{"start":{"line":39,"column":31},"end":{"line":39,"column":34}}],"line":39}},"s":{"0":1,"1":1,"2":1,"3":1,"4":1,"5":1,"6":1,"7":1,"8":1,"9":1,"10":1,"11":1,"12":1,"13":1,"14":1,"15":1,"16":1,"17":1,"18":1,"19":0,"20":1,"21":15,"22":0,"23":15,"24":15,"25":15,"26":1},"f":{"0":0,"1":15},"b":{"0":[0,15],"1":[15,0]},"_coverageSchema":"1a1c01bbd47fc00a2c39e90264f33305004495a9","hash":"d85b96e36a91ad67a5066eb2e8166c9ab8aac867"}
,"/home/haus/springboard_bootcamp_dec_2023/express-jobly/config.js": {"path":"/home/haus/springboard_bootcamp_dec_2023/express-jobly/config.js","statementMap":{"0":{"start":{"line":5,"column":0},"end":{"line":5,"column":27}},"1":{"start":{"line":6,"column":0},"end":{"line":6,"column":18}},"2":{"start":{"line":8,"column":19},"end":{"line":8,"column":57}},"3":{"start":{"line":10,"column":13},"end":{"line":10,"column":38}},"4":{"start":{"line":14,"column":2},"end":{"line":16,"column":42}},"5":{"start":{"line":22,"column":27},"end":{"line":22,"column":67}},"6":{"start":{"line":24,"column":0},"end":{"line":24,"column":35}},"7":{"start":{"line":25,"column":0},"end":{"line":25,"column":46}},"8":{"start":{"line":26,"column":0},"end":{"line":26,"column":45}},"9":{"start":{"line":27,"column":0},"end":{"line":27,"column":61}},"10":{"start":{"line":28,"column":0},"end":{"line":28,"column":50}},"11":{"start":{"line":29,"column":0},"end":{"line":29,"column":19}},"12":{"start":{"line":31,"column":0},"end":{"line":36,"column":2}}},"fnMap":{"0":{"name":"getDatabaseUri","decl":{"start":{"line":13,"column":9},"end":{"line":13,"column":23}},"loc":{"start":{"line":13,"column":26},"end":{"line":17,"column":1}},"line":13}},"branchMap":{"0":{"loc":{"start":{"line":8,"column":19},"end":{"line":8,"column":57}},"type":"binary-expr","locations":[{"start":{"line":8,"column":19},"end":{"line":8,"column":41}},{"start":{"line":8,"column":45},"end":{"line":8,"column":57}}],"line":8},"1":{"loc":{"start":{"line":10,"column":13},"end":{"line":10,"column":38}},"type":"binary-expr","locations":[{"start":{"line":10,"column":13},"end":{"line":10,"column":30}},{"start":{"line":10,"column":34},"end":{"line":10,"column":38}}],"line":10},"2":{"loc":{"start":{"line":14,"column":9},"end":{"line":16,"column":41}},"type":"cond-expr","locations":[{"start":{"line":15,"column":6},"end":{"line":15,"column":18}},{"start":{"line":16,"column":6},"end":{"line":16,"column":41}}],"line":14},"3":{"loc":{"start":{"line":16,"column":6},"end":{"line":16,"column":41}},"type":"binary-expr","locations":[{"start":{"line":16,"column":6},"end":{"line":16,"column":30}},{"start":{"line":16,"column":34},"end":{"line":16,"column":41}}],"line":16},"4":{"loc":{"start":{"line":22,"column":27},"end":{"line":22,"column":67}},"type":"cond-expr","locations":[{"start":{"line":22,"column":61},"end":{"line":22,"column":62}},{"start":{"line":22,"column":65},"end":{"line":22,"column":67}}],"line":22}},"s":{"0":1,"1":1,"2":1,"3":1,"4":2,"5":1,"6":1,"7":1,"8":1,"9":1,"10":1,"11":1,"12":1},"f":{"0":2},"b":{"0":[1,1],"1":[1,1],"2":[2,0],"3":[0,0],"4":[1,0]},"_coverageSchema":"1a1c01bbd47fc00a2c39e90264f33305004495a9","hash":"eaf2a8234a1258e7b095acb02783ab7a4ec4ce36"}
,"/home/haus/springboard_bootcamp_dec_2023/express-jobly/db.js": {"path":"/home/haus/springboard_bootcamp_dec_2023/express-jobly/db.js","statementMap":{"0":{"start":{"line":3,"column":19},"end":{"line":3,"column":32}},"1":{"start":{"line":4,"column":27},"end":{"line":4,"column":46}},"2":{"start":{"line":8,"column":0},"end":{"line":19,"column":1}},"3":{"start":{"line":9,"column":2},"end":{"line":14,"column":5}},"4":{"start":{"line":16,"column":2},"end":{"line":18,"column":5}},"5":{"start":{"line":21,"column":0},"end":{"line":21,"column":13}},"6":{"start":{"line":23,"column":0},"end":{"line":23,"column":20}}},"fnMap":{},"branchMap":{"0":{"loc":{"start":{"line":8,"column":0},"end":{"line":19,"column":1}},"type":"if","locations":[{"start":{"line":8,"column":0},"end":{"line":19,"column":1}},{"start":{"line":15,"column":7},"end":{"line":19,"column":1}}],"line":8}},"s":{"0":1,"1":1,"2":1,"3":0,"4":1,"5":1,"6":1},"f":{},"b":{"0":[0,1]},"_coverageSchema":"1a1c01bbd47fc00a2c39e90264f33305004495a9","hash":"163399f5706d09a73bb5a1cd0380021a27881b44"}
,"/home/haus/springboard_bootcamp_dec_2023/express-jobly/expressError.js": {"path":"/home/haus/springboard_bootcamp_dec_2023/express-jobly/expressError.js","statementMap":{"0":{"start":{"line":9,"column":4},"end":{"line":9,"column":12}},"1":{"start":{"line":10,"column":4},"end":{"line":10,"column":27}},"2":{"start":{"line":11,"column":4},"end":{"line":11,"column":25}},"3":{"start":{"line":19,"column":4},"end":{"line":19,"column":24}},"4":{"start":{"line":27,"column":4},"end":{"line":27,"column":24}},"5":{"start":{"line":35,"column":4},"end":{"line":35,"column":24}},"6":{"start":{"line":43,"column":4},"end":{"line":43,"column":24}},"7":{"start":{"line":47,"column":0},"end":{"line":53,"column":2}}},"fnMap":{"0":{"name":"(anonymous_0)","decl":{"start":{"line":8,"column":2},"end":{"line":8,"column":3}},"loc":{"start":{"line":8,"column":31},"end":{"line":12,"column":3}},"line":8},"1":{"name":"(anonymous_1)","decl":{"start":{"line":18,"column":2},"end":{"line":18,"column":3}},"loc":{"start":{"line":18,"column":37},"end":{"line":20,"column":3}},"line":18},"2":{"name":"(anonymous_2)","decl":{"start":{"line":26,"column":2},"end":{"line":26,"column":3}},"loc":{"start":{"line":26,"column":40},"end":{"line":28,"column":3}},"line":26},"3":{"name":"(anonymous_3)","decl":{"start":{"line":34,"column":2},"end":{"line":34,"column":3}},"loc":{"start":{"line":34,"column":39},"end":{"line":36,"column":3}},"line":34},"4":{"name":"(anonymous_4)","decl":{"start":{"line":42,"column":2},"end":{"line":42,"column":3}},"loc":{"start":{"line":42,"column":39},"end":{"line":44,"column":3}},"line":42}},"branchMap":{"0":{"loc":{"start":{"line":18,"column":14},"end":{"line":18,"column":35}},"type":"default-arg","locations":[{"start":{"line":18,"column":24},"end":{"line":18,"column":35}}],"line":18},"1":{"loc":{"start":{"line":26,"column":14},"end":{"line":26,"column":38}},"type":"default-arg","locations":[{"start":{"line":26,"column":24},"end":{"line":26,"column":38}}],"line":26},"2":{"loc":{"start":{"line":34,"column":14},"end":{"line":34,"column":37}},"type":"default-arg","locations":[{"start":{"line":34,"column":24},"end":{"line":34,"column":37}}],"line":34},"3":{"loc":{"start":{"line":42,"column":14},"end":{"line":42,"column":37}},"type":"default-arg","locations":[{"start":{"line":42,"column":24},"end":{"line":42,"column":37}}],"line":42}},"s":{"0":15,"1":15,"2":15,"3":6,"4":2,"5":4,"6":3,"7":1},"f":{"0":15,"1":6,"2":2,"3":4,"4":3},"b":{"0":[0],"1":[2],"2":[0],"3":[3]},"_coverageSchema":"1a1c01bbd47fc00a2c39e90264f33305004495a9","hash":"6d74595397320746eaf820105aa1899d5dc8e41b"}
,"/home/haus/springboard_bootcamp_dec_2023/express-jobly/helpers/sql.js": {"path":"/home/haus/springboard_bootcamp_dec_2023/express-jobly/helpers/sql.js","statementMap":{"0":{"start":{"line":1,"column":28},"end":{"line":1,"column":54}},"1":{"start":{"line":6,"column":15},"end":{"line":6,"column":40}},"2":{"start":{"line":7,"column":2},"end":{"line":7,"column":62}},"3":{"start":{"line":7,"column":25},"end":{"line":7,"column":62}},"4":{"start":{"line":10,"column":15},"end":{"line":12,"column":3}},"5":{"start":{"line":11,"column":6},"end":{"line":11,"column":52}},"6":{"start":{"line":14,"column":2},"end":{"line":17,"column":4}},"7":{"start":{"line":20,"column":0},"end":{"line":20,"column":41}}},"fnMap":{"0":{"name":"sqlForPartialUpdate","decl":{"start":{"line":5,"column":9},"end":{"line":5,"column":28}},"loc":{"start":{"line":5,"column":52},"end":{"line":18,"column":1}},"line":5},"1":{"name":"(anonymous_1)","decl":{"start":{"line":10,"column":24},"end":{"line":10,"column":25}},"loc":{"start":{"line":11,"column":6},"end":{"line":11,"column":52}},"line":11}},"branchMap":{"0":{"loc":{"start":{"line":7,"column":2},"end":{"line":7,"column":62}},"type":"if","locations":[{"start":{"line":7,"column":2},"end":{"line":7,"column":62}},{"start":{},"end":{}}],"line":7},"1":{"loc":{"start":{"line":11,"column":10},"end":{"line":11,"column":37}},"type":"binary-expr","locations":[{"start":{"line":11,"column":10},"end":{"line":11,"column":26}},{"start":{"line":11,"column":30},"end":{"line":11,"column":37}}],"line":11}},"s":{"0":1,"1":2,"2":2,"3":0,"4":2,"5":2,"6":2,"7":1},"f":{"0":2,"1":2},"b":{"0":[0,2],"1":[2,2]},"_coverageSchema":"1a1c01bbd47fc00a2c39e90264f33305004495a9","hash":"204bc74c05d9fdbd4e3138ab1448fcf5033f38ee"}
,"/home/haus/springboard_bootcamp_dec_2023/express-jobly/helpers/tokens.js": {"path":"/home/haus/springboard_bootcamp_dec_2023/express-jobly/helpers/tokens.js","statementMap":{"0":{"start":{"line":1,"column":12},"end":{"line":1,"column":35}},"1":{"start":{"line":2,"column":23},"end":{"line":2,"column":43}},"2":{"start":{"line":7,"column":2},"end":{"line":8,"column":58}},"3":{"start":{"line":10,"column":16},"end":{"line":13,"column":3}},"4":{"start":{"line":15,"column":2},"end":{"line":15,"column":39}},"5":{"start":{"line":18,"column":0},"end":{"line":18,"column":33}}},"fnMap":{"0":{"name":"createToken","decl":{"start":{"line":6,"column":9},"end":{"line":6,"column":20}},"loc":{"start":{"line":6,"column":27},"end":{"line":16,"column":1}},"line":6}},"branchMap":{"0":{"loc":{"start":{"line":12,"column":13},"end":{"line":12,"column":34}},"type":"binary-expr","locations":[{"start":{"line":12,"column":13},"end":{"line":12,"column":25}},{"start":{"line":12,"column":29},"end":{"line":12,"column":34}}],"line":12}},"s":{"0":1,"1":1,"2":2,"3":2,"4":2,"5":1},"f":{"0":2},"b":{"0":[2,1]},"_coverageSchema":"1a1c01bbd47fc00a2c39e90264f33305004495a9","hash":"b05c397e3a7e2cc59bb1cbea2d947dd803e2a2ff"}
,"/home/haus/springboard_bootcamp_dec_2023/express-jobly/middleware/auth.js": {"path":"/home/haus/springboard_bootcamp_dec_2023/express-jobly/middleware/auth.js","statementMap":{"0":{"start":{"line":5,"column":12},"end":{"line":5,"column":35}},"1":{"start":{"line":6,"column":23},"end":{"line":6,"column":43}},"2":{"start":{"line":7,"column":46},"end":{"line":7,"column":72}},"3":{"start":{"line":19,"column":2},"end":{"line":28,"column":3}},"4":{"start":{"line":20,"column":23},"end":{"line":20,"column":63}},"5":{"start":{"line":21,"column":4},"end":{"line":24,"column":5}},"6":{"start":{"line":22,"column":20},"end":{"line":22,"column":64}},"7":{"start":{"line":23,"column":6},"end":{"line":23,"column":54}},"8":{"start":{"line":25,"column":4},"end":{"line":25,"column":18}},"9":{"start":{"line":27,"column":4},"end":{"line":27,"column":18}},"10":{"start":{"line":37,"column":2},"end":{"line":42,"column":3}},"11":{"start":{"line":38,"column":4},"end":{"line":38,"column":56}},"12":{"start":{"line":38,"column":26},"end":{"line":38,"column":56}},"13":{"start":{"line":39,"column":4},"end":{"line":39,"column":18}},"14":{"start":{"line":41,"column":4},"end":{"line":41,"column":21}},"15":{"start":{"line":51,"column":2},"end":{"line":58,"column":3}},"16":{"start":{"line":52,"column":4},"end":{"line":54,"column":5}},"17":{"start":{"line":53,"column":6},"end":{"line":53,"column":33}},"18":{"start":{"line":55,"column":4},"end":{"line":55,"column":18}},"19":{"start":{"line":57,"column":4},"end":{"line":57,"column":21}},"20":{"start":{"line":62,"column":2},"end":{"line":70,"column":3}},"21":{"start":{"line":63,"column":17},"end":{"line":63,"column":32}},"22":{"start":{"line":64,"column":4},"end":{"line":66,"column":5}},"23":{"start":{"line":65,"column":6},"end":{"line":65,"column":33}},"24":{"start":{"line":67,"column":4},"end":{"line":67,"column":18}},"25":{"start":{"line":69,"column":4},"end":{"line":69,"column":21}},"26":{"start":{"line":73,"column":0},"end":{"line":78,"column":2}}},"fnMap":{"0":{"name":"authenticateJWT","decl":{"start":{"line":18,"column":9},"end":{"line":18,"column":24}},"loc":{"start":{"line":18,"column":41},"end":{"line":29,"column":1}},"line":18},"1":{"name":"ensureLoggedIn","decl":{"start":{"line":36,"column":9},"end":{"line":36,"column":23}},"loc":{"start":{"line":36,"column":40},"end":{"line":43,"column":1}},"line":36},"2":{"name":"ensureAdmin","decl":{"start":{"line":50,"column":9},"end":{"line":50,"column":20}},"loc":{"start":{"line":50,"column":37},"end":{"line":59,"column":1}},"line":50},"3":{"name":"ensureCorrectUserOrAdmin","decl":{"start":{"line":61,"column":9},"end":{"line":61,"column":33}},"loc":{"start":{"line":61,"column":50},"end":{"line":71,"column":1}},"line":61}},"branchMap":{"0":{"loc":{"start":{"line":20,"column":23},"end":{"line":20,"column":63}},"type":"binary-expr","locations":[{"start":{"line":20,"column":23},"end":{"line":20,"column":34}},{"start":{"line":20,"column":38},"end":{"line":20,"column":63}}],"line":20},"1":{"loc":{"start":{"line":21,"column":4},"end":{"line":24,"column":5}},"type":"if","locations":[{"start":{"line":21,"column":4},"end":{"line":24,"column":5}},{"start":{},"end":{}}],"line":21},"2":{"loc":{"start":{"line":38,"column":4},"end":{"line":38,"column":56}},"type":"if","locations":[{"start":{"line":38,"column":4},"end":{"line":38,"column":56}},{"start":{},"end":{}}],"line":38},"3":{"loc":{"start":{"line":52,"column":4},"end":{"line":54,"column":5}},"type":"if","locations":[{"start":{"line":52,"column":4},"end":{"line":54,"column":5}},{"start":{},"end":{}}],"line":52},"4":{"loc":{"start":{"line":52,"column":8},"end":{"line":52,"column":52}},"type":"binary-expr","locations":[{"start":{"line":52,"column":8},"end":{"line":52,"column":24}},{"start":{"line":52,"column":28},"end":{"line":52,"column":52}}],"line":52},"5":{"loc":{"start":{"line":64,"column":4},"end":{"line":66,"column":5}},"type":"if","locations":[{"start":{"line":64,"column":4},"end":{"line":66,"column":5}},{"start":{},"end":{}}],"line":64},"6":{"loc":{"start":{"line":64,"column":10},"end":{"line":64,"column":73}},"type":"binary-expr","locations":[{"start":{"line":64,"column":10},"end":{"line":64,"column":14}},{"start":{"line":64,"column":19},"end":{"line":64,"column":31}},{"start":{"line":64,"column":35},"end":{"line":64,"column":72}}],"line":64}},"s":{"0":1,"1":1,"2":1,"3":21,"4":21,"5":21,"6":11,"7":11,"8":21,"9":0,"10":13,"11":13,"12":2,"13":11,"14":2,"15":11,"16":11,"17":3,"18":8,"19":3,"20":0,"21":0,"22":0,"23":0,"24":0,"25":0,"26":1},"f":{"0":21,"1":13,"2":11,"3":0},"b":{"0":[21,21],"1":[11,10],"2":[2,11],"3":[3,8],"4":[11,11],"5":[0,0],"6":[0,0,0]},"_coverageSchema":"1a1c01bbd47fc00a2c39e90264f33305004495a9","hash":"201973a22a417fd95a493971e5d5316be6fbf9a2"}
,"/home/haus/springboard_bootcamp_dec_2023/express-jobly/models/company.js": {"path":"/home/haus/springboard_bootcamp_dec_2023/express-jobly/models/company.js","statementMap":{"0":{"start":{"line":3,"column":11},"end":{"line":3,"column":27}},"1":{"start":{"line":4,"column":43},"end":{"line":4,"column":69}},"2":{"start":{"line":5,"column":32},"end":{"line":5,"column":57}},"3":{"start":{"line":20,"column":27},"end":{"line":24,"column":15}},"4":{"start":{"line":26,"column":4},"end":{"line":27,"column":64}},"5":{"start":{"line":27,"column":6},"end":{"line":27,"column":64}},"6":{"start":{"line":29,"column":19},"end":{"line":41,"column":5}},"7":{"start":{"line":42,"column":20},"end":{"line":42,"column":34}},"8":{"start":{"line":44,"column":4},"end":{"line":44,"column":19}},"9":{"start":{"line":58,"column":16},"end":{"line":63,"column":32}},"10":{"start":{"line":64,"column":25},"end":{"line":64,"column":27}},"11":{"start":{"line":65,"column":19},"end":{"line":65,"column":21}},"12":{"start":{"line":68,"column":53},"end":{"line":68,"column":60}},"13":{"start":{"line":70,"column":4},"end":{"line":73,"column":5}},"14":{"start":{"line":71,"column":6},"end":{"line":71,"column":32}},"15":{"start":{"line":72,"column":6},"end":{"line":72,"column":62}},"16":{"start":{"line":75,"column":4},"end":{"line":78,"column":5}},"17":{"start":{"line":76,"column":6},"end":{"line":76,"column":32}},"18":{"start":{"line":77,"column":6},"end":{"line":77,"column":62}},"19":{"start":{"line":80,"column":4},"end":{"line":83,"column":5}},"20":{"start":{"line":81,"column":6},"end":{"line":81,"column":35}},"21":{"start":{"line":82,"column":6},"end":{"line":82,"column":56}},"22":{"start":{"line":86,"column":4},"end":{"line":88,"column":5}},"23":{"start":{"line":87,"column":6},"end":{"line":87,"column":54}},"24":{"start":{"line":90,"column":4},"end":{"line":92,"column":5}},"25":{"start":{"line":91,"column":6},"end":{"line":91,"column":85}},"26":{"start":{"line":96,"column":4},"end":{"line":96,"column":30}},"27":{"start":{"line":99,"column":19},"end":{"line":99,"column":48}},"28":{"start":{"line":100,"column":4},"end":{"line":100,"column":23}},"29":{"start":{"line":112,"column":23},"end":{"line":120,"column":15}},"30":{"start":{"line":122,"column":20},"end":{"line":122,"column":38}},"31":{"start":{"line":124,"column":4},"end":{"line":124,"column":67}},"32":{"start":{"line":124,"column":18},"end":{"line":124,"column":67}},"33":{"start":{"line":126,"column":4},"end":{"line":126,"column":19}},"34":{"start":{"line":142,"column":32},"end":{"line":147,"column":8}},"35":{"start":{"line":148,"column":25},"end":{"line":148,"column":50}},"36":{"start":{"line":150,"column":21},"end":{"line":157,"column":54}},"37":{"start":{"line":158,"column":19},"end":{"line":158,"column":64}},"38":{"start":{"line":159,"column":20},"end":{"line":159,"column":34}},"39":{"start":{"line":161,"column":4},"end":{"line":161,"column":67}},"40":{"start":{"line":161,"column":18},"end":{"line":161,"column":67}},"41":{"start":{"line":163,"column":4},"end":{"line":163,"column":19}},"42":{"start":{"line":172,"column":19},"end":{"line":177,"column":15}},"43":{"start":{"line":178,"column":20},"end":{"line":178,"column":34}},"44":{"start":{"line":180,"column":4},"end":{"line":180,"column":67}},"45":{"start":{"line":180,"column":18},"end":{"line":180,"column":67}},"46":{"start":{"line":185,"column":0},"end":{"line":185,"column":25}}},"fnMap":{"0":{"name":"(anonymous_0)","decl":{"start":{"line":19,"column":2},"end":{"line":19,"column":3}},"loc":{"start":{"line":19,"column":76},"end":{"line":45,"column":3}},"line":19},"1":{"name":"(anonymous_1)","decl":{"start":{"line":57,"column":2},"end":{"line":57,"column":3}},"loc":{"start":{"line":57,"column":37},"end":{"line":101,"column":3}},"line":57},"2":{"name":"(anonymous_2)","decl":{"start":{"line":111,"column":2},"end":{"line":111,"column":3}},"loc":{"start":{"line":111,"column":27},"end":{"line":127,"column":3}},"line":111},"3":{"name":"(anonymous_3)","decl":{"start":{"line":141,"column":2},"end":{"line":141,"column":3}},"loc":{"start":{"line":141,"column":36},"end":{"line":164,"column":3}},"line":141},"4":{"name":"(anonymous_4)","decl":{"start":{"line":171,"column":2},"end":{"line":171,"column":3}},"loc":{"start":{"line":171,"column":30},"end":{"line":181,"column":3}},"line":171}},"branchMap":{"0":{"loc":{"start":{"line":26,"column":4},"end":{"line":27,"column":64}},"type":"if","locations":[{"start":{"line":26,"column":4},"end":{"line":27,"column":64}},{"start":{},"end":{}}],"line":26},"1":{"loc":{"start":{"line":57,"column":23},"end":{"line":57,"column":35}},"type":"default-arg","locations":[{"start":{"line":57,"column":33},"end":{"line":57,"column":35}}],"line":57},"2":{"loc":{"start":{"line":70,"column":4},"end":{"line":73,"column":5}},"type":"if","locations":[{"start":{"line":70,"column":4},"end":{"line":73,"column":5}},{"start":{},"end":{}}],"line":70},"3":{"loc":{"start":{"line":75,"column":4},"end":{"line":78,"column":5}},"type":"if","locations":[{"start":{"line":75,"column":4},"end":{"line":78,"column":5}},{"start":{},"end":{}}],"line":75},"4":{"loc":{"start":{"line":80,"column":4},"end":{"line":83,"column":5}},"type":"if","locations":[{"start":{"line":80,"column":4},"end":{"line":83,"column":5}},{"start":{},"end":{}}],"line":80},"5":{"loc":{"start":{"line":86,"column":4},"end":{"line":88,"column":5}},"type":"if","locations":[{"start":{"line":86,"column":4},"end":{"line":88,"column":5}},{"start":{},"end":{}}],"line":86},"6":{"loc":{"start":{"line":90,"column":4},"end":{"line":92,"column":5}},"type":"if","locations":[{"start":{"line":90,"column":4},"end":{"line":92,"column":5}},{"start":{},"end":{}}],"line":90},"7":{"loc":{"start":{"line":90,"column":8},"end":{"line":90,"column":95}},"type":"binary-expr","locations":[{"start":{"line":90,"column":8},"end":{"line":90,"column":34}},{"start":{"line":90,"column":38},"end":{"line":90,"column":64}},{"start":{"line":90,"column":68},"end":{"line":90,"column":95}}],"line":90},"8":{"loc":{"start":{"line":124,"column":4},"end":{"line":124,"column":67}},"type":"if","locations":[{"start":{"line":124,"column":4},"end":{"line":124,"column":67}},{"start":{},"end":{}}],"line":124},"9":{"loc":{"start":{"line":161,"column":4},"end":{"line":161,"column":67}},"type":"if","locations":[{"start":{"line":161,"column":4},"end":{"line":161,"column":67}},{"start":{},"end":{}}],"line":161},"10":{"loc":{"start":{"line":180,"column":4},"end":{"line":180,"column":67}},"type":"if","locations":[{"start":{"line":180,"column":4},"end":{"line":180,"column":67}},{"start":{},"end":{}}],"line":180}},"s":{"0":1,"1":1,"2":1,"3":3,"4":3,"5":0,"6":3,"7":3,"8":3,"9":0,"10":0,"11":0,"12":0,"13":0,"14":0,"15":0,"16":0,"17":0,"18":0,"19":0,"20":0,"21":0,"22":0,"23":0,"24":0,"25":0,"26":0,"27":0,"28":0,"29":0,"30":0,"31":0,"32":0,"33":0,"34":0,"35":0,"36":0,"37":0,"38":0,"39":0,"40":0,"41":0,"42":0,"43":0,"44":0,"45":0,"46":1},"f":{"0":3,"1":0,"2":0,"3":0,"4":0},"b":{"0":[0,3],"1":[0],"2":[0,0],"3":[0,0],"4":[0,0],"5":[0,0],"6":[0,0],"7":[0,0,0],"8":[0,0],"9":[0,0],"10":[0,0]},"_coverageSchema":"1a1c01bbd47fc00a2c39e90264f33305004495a9","hash":"a7d3f92a35bf4a9e034f8b21c2927e4043b32fb0"}
,"/home/haus/springboard_bootcamp_dec_2023/express-jobly/models/job.js": {"path":"/home/haus/springboard_bootcamp_dec_2023/express-jobly/models/job.js","statementMap":{"0":{"start":{"line":3,"column":11},"end":{"line":3,"column":27}},"1":{"start":{"line":4,"column":43},"end":{"line":4,"column":69}},"2":{"start":{"line":5,"column":32},"end":{"line":5,"column":57}},"3":{"start":{"line":20,"column":27},"end":{"line":24,"column":31}},"4":{"start":{"line":26,"column":6},"end":{"line":27,"column":81}},"5":{"start":{"line":27,"column":8},"end":{"line":27,"column":81}},"6":{"start":{"line":29,"column":19},"end":{"line":40,"column":5}},"7":{"start":{"line":41,"column":16},"end":{"line":41,"column":30}},"8":{"start":{"line":43,"column":4},"end":{"line":43,"column":15}},"9":{"start":{"line":57,"column":16},"end":{"line":62,"column":27}},"10":{"start":{"line":63,"column":25},"end":{"line":63,"column":27}},"11":{"start":{"line":64,"column":19},"end":{"line":64,"column":21}},"12":{"start":{"line":67,"column":48},"end":{"line":67,"column":55}},"13":{"start":{"line":69,"column":4},"end":{"line":72,"column":5}},"14":{"start":{"line":70,"column":6},"end":{"line":70,"column":29}},"15":{"start":{"line":71,"column":6},"end":{"line":71,"column":55}},"16":{"start":{"line":74,"column":4},"end":{"line":76,"column":5}},"17":{"start":{"line":75,"column":6},"end":{"line":75,"column":38}},"18":{"start":{"line":78,"column":4},"end":{"line":81,"column":5}},"19":{"start":{"line":79,"column":6},"end":{"line":79,"column":36}},"20":{"start":{"line":80,"column":6},"end":{"line":80,"column":57}},"21":{"start":{"line":84,"column":4},"end":{"line":86,"column":5}},"22":{"start":{"line":85,"column":6},"end":{"line":85,"column":54}},"23":{"start":{"line":89,"column":4},"end":{"line":89,"column":31}},"24":{"start":{"line":92,"column":19},"end":{"line":92,"column":48}},"25":{"start":{"line":93,"column":4},"end":{"line":93,"column":23}},"26":{"start":{"line":104,"column":19},"end":{"line":113,"column":5}},"27":{"start":{"line":115,"column":16},"end":{"line":115,"column":30}},"28":{"start":{"line":117,"column":4},"end":{"line":117,"column":55}},"29":{"start":{"line":117,"column":14},"end":{"line":117,"column":55}},"30":{"start":{"line":119,"column":4},"end":{"line":119,"column":15}},"31":{"start":{"line":135,"column":32},"end":{"line":137,"column":9}},"32":{"start":{"line":138,"column":21},"end":{"line":138,"column":46}},"33":{"start":{"line":140,"column":21},"end":{"line":147,"column":66}},"34":{"start":{"line":148,"column":19},"end":{"line":148,"column":60}},"35":{"start":{"line":149,"column":16},"end":{"line":149,"column":30}},"36":{"start":{"line":151,"column":4},"end":{"line":151,"column":55}},"37":{"start":{"line":151,"column":14},"end":{"line":151,"column":55}},"38":{"start":{"line":153,"column":4},"end":{"line":153,"column":15}},"39":{"start":{"line":162,"column":19},"end":{"line":168,"column":5}},"40":{"start":{"line":169,"column":16},"end":{"line":169,"column":30}},"41":{"start":{"line":171,"column":4},"end":{"line":171,"column":55}},"42":{"start":{"line":171,"column":14},"end":{"line":171,"column":55}},"43":{"start":{"line":175,"column":0},"end":{"line":175,"column":21}}},"fnMap":{"0":{"name":"(anonymous_0)","decl":{"start":{"line":19,"column":2},"end":{"line":19,"column":3}},"loc":{"start":{"line":19,"column":64},"end":{"line":44,"column":3}},"line":19},"1":{"name":"(anonymous_1)","decl":{"start":{"line":56,"column":2},"end":{"line":56,"column":3}},"loc":{"start":{"line":56,"column":37},"end":{"line":94,"column":3}},"line":56},"2":{"name":"(anonymous_2)","decl":{"start":{"line":103,"column":2},"end":{"line":103,"column":3}},"loc":{"start":{"line":103,"column":23},"end":{"line":120,"column":3}},"line":103},"3":{"name":"(anonymous_3)","decl":{"start":{"line":134,"column":2},"end":{"line":134,"column":3}},"loc":{"start":{"line":134,"column":32},"end":{"line":154,"column":3}},"line":134},"4":{"name":"(anonymous_4)","decl":{"start":{"line":161,"column":2},"end":{"line":161,"column":3}},"loc":{"start":{"line":161,"column":26},"end":{"line":172,"column":3}},"line":161}},"branchMap":{"0":{"loc":{"start":{"line":26,"column":6},"end":{"line":27,"column":81}},"type":"if","locations":[{"start":{"line":26,"column":6},"end":{"line":27,"column":81}},{"start":{},"end":{}}],"line":26},"1":{"loc":{"start":{"line":56,"column":23},"end":{"line":56,"column":35}},"type":"default-arg","locations":[{"start":{"line":56,"column":33},"end":{"line":56,"column":35}}],"line":56},"2":{"loc":{"start":{"line":69,"column":4},"end":{"line":72,"column":5}},"type":"if","locations":[{"start":{"line":69,"column":4},"end":{"line":72,"column":5}},{"start":{},"end":{}}],"line":69},"3":{"loc":{"start":{"line":74,"column":4},"end":{"line":76,"column":5}},"type":"if","locations":[{"start":{"line":74,"column":4},"end":{"line":76,"column":5}},{"start":{},"end":{}}],"line":74},"4":{"loc":{"start":{"line":78,"column":4},"end":{"line":81,"column":5}},"type":"if","locations":[{"start":{"line":78,"column":4},"end":{"line":81,"column":5}},{"start":{},"end":{}}],"line":78},"5":{"loc":{"start":{"line":84,"column":4},"end":{"line":86,"column":5}},"type":"if","locations":[{"start":{"line":84,"column":4},"end":{"line":86,"column":5}},{"start":{},"end":{}}],"line":84},"6":{"loc":{"start":{"line":117,"column":4},"end":{"line":117,"column":55}},"type":"if","locations":[{"start":{"line":117,"column":4},"end":{"line":117,"column":55}},{"start":{},"end":{}}],"line":117},"7":{"loc":{"start":{"line":151,"column":4},"end":{"line":151,"column":55}},"type":"if","locations":[{"start":{"line":151,"column":4},"end":{"line":151,"column":55}},{"start":{},"end":{}}],"line":151},"8":{"loc":{"start":{"line":171,"column":4},"end":{"line":171,"column":55}},"type":"if","locations":[{"start":{"line":171,"column":4},"end":{"line":171,"column":55}},{"start":{},"end":{}}],"line":171}},"s":{"0":1,"1":1,"2":1,"3":3,"4":3,"5":0,"6":3,"7":3,"8":3,"9":6,"10":6,"11":6,"12":6,"13":6,"14":3,"15":3,"16":6,"17":0,"18":6,"19":2,"20":2,"21":6,"22":4,"23":6,"24":6,"25":6,"26":2,"27":2,"28":2,"29":2,"30":0,"31":2,"32":2,"33":2,"34":2,"35":2,"36":2,"37":2,"38":0,"39":2,"40":2,"41":2,"42":2,"43":1},"f":{"0":3,"1":6,"2":2,"3":2,"4":2},"b":{"0":[0,3],"1":[0],"2":[3,3],"3":[0,6],"4":[2,4],"5":[4,2],"6":[2,0],"7":[2,0],"8":[2,0]},"_coverageSchema":"1a1c01bbd47fc00a2c39e90264f33305004495a9","hash":"eb4d212536a5353dbadb0ac682dabc65701651e6"}
,"/home/haus/springboard_bootcamp_dec_2023/express-jobly/models/user.js": {"path":"/home/haus/springboard_bootcamp_dec_2023/express-jobly/models/user.js","statementMap":{"0":{"start":{"line":3,"column":11},"end":{"line":3,"column":27}},"1":{"start":{"line":4,"column":15},"end":{"line":4,"column":32}},"2":{"start":{"line":5,"column":32},"end":{"line":5,"column":57}},"3":{"start":{"line":10,"column":4},"end":{"line":10,"column":30}},"4":{"start":{"line":12,"column":31},"end":{"line":12,"column":54}},"5":{"start":{"line":26,"column":19},"end":{"line":36,"column":5}},"6":{"start":{"line":38,"column":17},"end":{"line":38,"column":31}},"7":{"start":{"line":40,"column":4},"end":{"line":47,"column":5}},"8":{"start":{"line":42,"column":22},"end":{"line":42,"column":67}},"9":{"start":{"line":43,"column":6},"end":{"line":46,"column":7}},"10":{"start":{"line":44,"column":8},"end":{"line":44,"column":29}},"11":{"start":{"line":45,"column":8},"end":{"line":45,"column":20}},"12":{"start":{"line":49,"column":4},"end":{"line":49,"column":61}},"13":{"start":{"line":61,"column":4},"end":{"line":61,"column":79}},"14":{"start":{"line":62,"column":27},"end":{"line":67,"column":5}},"15":{"start":{"line":70,"column":4},"end":{"line":72,"column":5}},"16":{"start":{"line":71,"column":6},"end":{"line":71,"column":67}},"17":{"start":{"line":74,"column":4},"end":{"line":74,"column":64}},"18":{"start":{"line":76,"column":27},"end":{"line":76,"column":74}},"19":{"start":{"line":78,"column":4},"end":{"line":78,"column":52}},"20":{"start":{"line":80,"column":19},"end":{"line":98,"column":5}},"21":{"start":{"line":100,"column":4},"end":{"line":100,"column":47}},"22":{"start":{"line":102,"column":17},"end":{"line":102,"column":31}},"23":{"start":{"line":104,"column":4},"end":{"line":104,"column":16}},"24":{"start":{"line":113,"column":19},"end":{"line":121,"column":5}},"25":{"start":{"line":123,"column":4},"end":{"line":123,"column":23}},"26":{"start":{"line":135,"column":20},"end":{"line":144,"column":5}},"27":{"start":{"line":146,"column":17},"end":{"line":146,"column":32}},"28":{"start":{"line":148,"column":4},"end":{"line":148,"column":63}},"29":{"start":{"line":148,"column":15},"end":{"line":148,"column":63}},"30":{"start":{"line":150,"column":4},"end":{"line":150,"column":16}},"31":{"start":{"line":171,"column":4},"end":{"line":173,"column":5}},"32":{"start":{"line":172,"column":6},"end":{"line":172,"column":75}},"33":{"start":{"line":175,"column":32},"end":{"line":181,"column":8}},"34":{"start":{"line":182,"column":27},"end":{"line":182,"column":52}},"35":{"start":{"line":184,"column":21},"end":{"line":191,"column":54}},"36":{"start":{"line":192,"column":19},"end":{"line":192,"column":66}},"37":{"start":{"line":193,"column":17},"end":{"line":193,"column":31}},"38":{"start":{"line":195,"column":4},"end":{"line":195,"column":63}},"39":{"start":{"line":195,"column":15},"end":{"line":195,"column":63}},"40":{"start":{"line":197,"column":4},"end":{"line":197,"column":25}},"41":{"start":{"line":198,"column":4},"end":{"line":198,"column":16}},"42":{"start":{"line":204,"column":17},"end":{"line":210,"column":5}},"43":{"start":{"line":211,"column":17},"end":{"line":211,"column":31}},"44":{"start":{"line":213,"column":4},"end":{"line":213,"column":63}},"45":{"start":{"line":213,"column":15},"end":{"line":213,"column":63}},"46":{"start":{"line":218,"column":0},"end":{"line":218,"column":22}}},"fnMap":{"0":{"name":"(anonymous_0)","decl":{"start":{"line":24,"column":2},"end":{"line":24,"column":3}},"loc":{"start":{"line":24,"column":48},"end":{"line":50,"column":3}},"line":24},"1":{"name":"(anonymous_1)","decl":{"start":{"line":59,"column":2},"end":{"line":59,"column":3}},"loc":{"start":{"line":60,"column":65},"end":{"line":105,"column":3}},"line":60},"2":{"name":"(anonymous_2)","decl":{"start":{"line":112,"column":2},"end":{"line":112,"column":3}},"loc":{"start":{"line":112,"column":25},"end":{"line":124,"column":3}},"line":112},"3":{"name":"(anonymous_3)","decl":{"start":{"line":134,"column":2},"end":{"line":134,"column":3}},"loc":{"start":{"line":134,"column":29},"end":{"line":151,"column":3}},"line":134},"4":{"name":"(anonymous_4)","decl":{"start":{"line":170,"column":2},"end":{"line":170,"column":3}},"loc":{"start":{"line":170,"column":38},"end":{"line":199,"column":3}},"line":170},"5":{"name":"(anonymous_5)","decl":{"start":{"line":203,"column":2},"end":{"line":203,"column":3}},"loc":{"start":{"line":203,"column":32},"end":{"line":214,"column":3}},"line":203}},"branchMap":{"0":{"loc":{"start":{"line":40,"column":4},"end":{"line":47,"column":5}},"type":"if","locations":[{"start":{"line":40,"column":4},"end":{"line":47,"column":5}},{"start":{},"end":{}}],"line":40},"1":{"loc":{"start":{"line":43,"column":6},"end":{"line":46,"column":7}},"type":"if","locations":[{"start":{"line":43,"column":6},"end":{"line":46,"column":7}},{"start":{},"end":{}}],"line":43},"2":{"loc":{"start":{"line":70,"column":4},"end":{"line":72,"column":5}},"type":"if","locations":[{"start":{"line":70,"column":4},"end":{"line":72,"column":5}},{"start":{},"end":{}}],"line":70},"3":{"loc":{"start":{"line":148,"column":4},"end":{"line":148,"column":63}},"type":"if","locations":[{"start":{"line":148,"column":4},"end":{"line":148,"column":63}},{"start":{},"end":{}}],"line":148},"4":{"loc":{"start":{"line":171,"column":4},"end":{"line":173,"column":5}},"type":"if","locations":[{"start":{"line":171,"column":4},"end":{"line":173,"column":5}},{"start":{},"end":{}}],"line":171},"5":{"loc":{"start":{"line":195,"column":4},"end":{"line":195,"column":63}},"type":"if","locations":[{"start":{"line":195,"column":4},"end":{"line":195,"column":63}},{"start":{},"end":{}}],"line":195},"6":{"loc":{"start":{"line":213,"column":4},"end":{"line":213,"column":63}},"type":"if","locations":[{"start":{"line":213,"column":4},"end":{"line":213,"column":63}},{"start":{},"end":{}}],"line":213}},"s":{"0":1,"1":1,"2":1,"3":1,"4":1,"5":0,"6":0,"7":0,"8":0,"9":0,"10":0,"11":0,"12":0,"13":4,"14":4,"15":4,"16":0,"17":4,"18":4,"19":4,"20":4,"21":4,"22":4,"23":4,"24":0,"25":0,"26":0,"27":0,"28":0,"29":0,"30":0,"31":0,"32":0,"33":0,"34":0,"35":0,"36":0,"37":0,"38":0,"39":0,"40":0,"41":0,"42":0,"43":0,"44":0,"45":0,"46":1},"f":{"0":0,"1":4,"2":0,"3":0,"4":0,"5":0},"b":{"0":[0,0],"1":[0,0],"2":[0,4],"3":[0,0],"4":[0,0],"5":[0,0],"6":[0,0]},"_coverageSchema":"1a1c01bbd47fc00a2c39e90264f33305004495a9","hash":"afafddb85e993d1ec4661420079becb06011dea3"}
,"/home/haus/springboard_bootcamp_dec_2023/express-jobly/routes/_testCommon.js": {"path":"/home/haus/springboard_bootcamp_dec_2023/express-jobly/routes/_testCommon.js","statementMap":{"0":{"start":{"line":3,"column":11},"end":{"line":3,"column":30}},"1":{"start":{"line":4,"column":13},"end":{"line":4,"column":38}},"2":{"start":{"line":5,"column":16},"end":{"line":5,"column":44}},"3":{"start":{"line":6,"column":12},"end":{"line":6,"column":36}},"4":{"start":{"line":7,"column":24},"end":{"line":7,"column":52}},"5":{"start":{"line":11,"column":2},"end":{"line":11,"column":38}},"6":{"start":{"line":13,"column":2},"end":{"line":13,"column":42}},"7":{"start":{"line":15,"column":2},"end":{"line":15,"column":37}},"8":{"start":{"line":17,"column":2},"end":{"line":24,"column":7}},"9":{"start":{"line":25,"column":2},"end":{"line":32,"column":7}},"10":{"start":{"line":33,"column":2},"end":{"line":40,"column":7}},"11":{"start":{"line":42,"column":2},"end":{"line":48,"column":7}},"12":{"start":{"line":49,"column":2},"end":{"line":55,"column":7}},"13":{"start":{"line":56,"column":2},"end":{"line":62,"column":7}},"14":{"start":{"line":64,"column":2},"end":{"line":71,"column":5}},"15":{"start":{"line":72,"column":2},"end":{"line":79,"column":5}},"16":{"start":{"line":80,"column":2},"end":{"line":87,"column":5}},"17":{"start":{"line":88,"column":2},"end":{"line":95,"column":5}},"18":{"start":{"line":99,"column":2},"end":{"line":99,"column":26}},"19":{"start":{"line":103,"column":2},"end":{"line":103,"column":29}},"20":{"start":{"line":107,"column":2},"end":{"line":107,"column":17}},"21":{"start":{"line":110,"column":16},"end":{"line":110,"column":63}},"22":{"start":{"line":111,"column":19},"end":{"line":111,"column":68}},"23":{"start":{"line":113,"column":0},"end":{"line":120,"column":2}}},"fnMap":{"0":{"name":"commonBeforeAll","decl":{"start":{"line":9,"column":15},"end":{"line":9,"column":30}},"loc":{"start":{"line":9,"column":33},"end":{"line":96,"column":1}},"line":9},"1":{"name":"commonBeforeEach","decl":{"start":{"line":98,"column":15},"end":{"line":98,"column":31}},"loc":{"start":{"line":98,"column":34},"end":{"line":100,"column":1}},"line":98},"2":{"name":"commonAfterEach","decl":{"start":{"line":102,"column":15},"end":{"line":102,"column":30}},"loc":{"start":{"line":102,"column":33},"end":{"line":104,"column":1}},"line":102},"3":{"name":"commonAfterAll","decl":{"start":{"line":106,"column":15},"end":{"line":106,"column":29}},"loc":{"start":{"line":106,"column":32},"end":{"line":108,"column":1}},"line":106}},"branchMap":{},"s":{"0":1,"1":1,"2":1,"3":1,"4":1,"5":1,"6":1,"7":1,"8":1,"9":1,"10":1,"11":1,"12":1,"13":1,"14":1,"15":1,"16":1,"17":1,"18":21,"19":21,"20":1,"21":1,"22":1,"23":1},"f":{"0":1,"1":21,"2":21,"3":1},"b":{},"_coverageSchema":"1a1c01bbd47fc00a2c39e90264f33305004495a9","hash":"39da854e2466585fdd981a678bcdcdd5efbbc4b3"}
,"/home/haus/springboard_bootcamp_dec_2023/express-jobly/routes/auth.js": {"path":"/home/haus/springboard_bootcamp_dec_2023/express-jobly/routes/auth.js","statementMap":{"0":{"start":{"line":5,"column":19},"end":{"line":5,"column":40}},"1":{"start":{"line":7,"column":13},"end":{"line":7,"column":38}},"2":{"start":{"line":8,"column":16},"end":{"line":8,"column":34}},"3":{"start":{"line":9,"column":15},"end":{"line":9,"column":35}},"4":{"start":{"line":10,"column":24},"end":{"line":10,"column":52}},"5":{"start":{"line":11,"column":40},"end":{"line":11,"column":69}},"6":{"start":{"line":12,"column":23},"end":{"line":12,"column":58}},"7":{"start":{"line":13,"column":27},"end":{"line":13,"column":66}},"8":{"start":{"line":14,"column":28},"end":{"line":14,"column":54}},"9":{"start":{"line":23,"column":0},"end":{"line":38,"column":3}},"10":{"start":{"line":24,"column":2},"end":{"line":37,"column":3}},"11":{"start":{"line":25,"column":22},"end":{"line":25,"column":67}},"12":{"start":{"line":26,"column":4},"end":{"line":29,"column":5}},"13":{"start":{"line":27,"column":19},"end":{"line":27,"column":53}},"14":{"start":{"line":27,"column":45},"end":{"line":27,"column":52}},"15":{"start":{"line":28,"column":6},"end":{"line":28,"column":38}},"16":{"start":{"line":31,"column":35},"end":{"line":31,"column":43}},"17":{"start":{"line":32,"column":17},"end":{"line":32,"column":60}},"18":{"start":{"line":33,"column":18},"end":{"line":33,"column":35}},"19":{"start":{"line":34,"column":4},"end":{"line":34,"column":31}},"20":{"start":{"line":36,"column":4},"end":{"line":36,"column":21}},"21":{"start":{"line":50,"column":0},"end":{"line":64,"column":3}},"22":{"start":{"line":51,"column":2},"end":{"line":63,"column":3}},"23":{"start":{"line":52,"column":22},"end":{"line":52,"column":71}},"24":{"start":{"line":53,"column":4},"end":{"line":56,"column":5}},"25":{"start":{"line":54,"column":19},"end":{"line":54,"column":53}},"26":{"start":{"line":54,"column":45},"end":{"line":54,"column":52}},"27":{"start":{"line":55,"column":6},"end":{"line":55,"column":38}},"28":{"start":{"line":58,"column":20},"end":{"line":58,"column":72}},"29":{"start":{"line":59,"column":18},"end":{"line":59,"column":38}},"30":{"start":{"line":60,"column":4},"end":{"line":60,"column":43}},"31":{"start":{"line":62,"column":4},"end":{"line":62,"column":21}},"32":{"start":{"line":75,"column":0},"end":{"line":89,"column":3}},"33":{"start":{"line":76,"column":2},"end":{"line":88,"column":3}},"34":{"start":{"line":77,"column":22},"end":{"line":77,"column":71}},"35":{"start":{"line":78,"column":4},"end":{"line":81,"column":5}},"36":{"start":{"line":79,"column":19},"end":{"line":79,"column":53}},"37":{"start":{"line":79,"column":45},"end":{"line":79,"column":52}},"38":{"start":{"line":80,"column":6},"end":{"line":80,"column":38}},"39":{"start":{"line":83,"column":20},"end":{"line":83,"column":71}},"40":{"start":{"line":84,"column":18},"end":{"line":84,"column":38}},"41":{"start":{"line":85,"column":4},"end":{"line":85,"column":43}},"42":{"start":{"line":87,"column":4},"end":{"line":87,"column":21}},"43":{"start":{"line":103,"column":0},"end":{"line":117,"column":3}},"44":{"start":{"line":104,"column":2},"end":{"line":116,"column":3}},"45":{"start":{"line":105,"column":22},"end":{"line":105,"column":71}},"46":{"start":{"line":106,"column":4},"end":{"line":109,"column":5}},"47":{"start":{"line":107,"column":19},"end":{"line":107,"column":53}},"48":{"start":{"line":107,"column":45},"end":{"line":107,"column":52}},"49":{"start":{"line":108,"column":6},"end":{"line":108,"column":38}},"50":{"start":{"line":111,"column":20},"end":{"line":111,"column":71}},"51":{"start":{"line":112,"column":18},"end":{"line":112,"column":38}},"52":{"start":{"line":113,"column":4},"end":{"line":113,"column":43}},"53":{"start":{"line":115,"column":4},"end":{"line":115,"column":21}},"54":{"start":{"line":119,"column":0},"end":{"line":119,"column":24}}},"fnMap":{"0":{"name":"(anonymous_0)","decl":{"start":{"line":23,"column":22},"end":{"line":23,"column":23}},"loc":{"start":{"line":23,"column":54},"end":{"line":38,"column":1}},"line":23},"1":{"name":"(anonymous_1)","decl":{"start":{"line":27,"column":40},"end":{"line":27,"column":41}},"loc":{"start":{"line":27,"column":45},"end":{"line":27,"column":52}},"line":27},"2":{"name":"(anonymous_2)","decl":{"start":{"line":50,"column":25},"end":{"line":50,"column":26}},"loc":{"start":{"line":50,"column":57},"end":{"line":64,"column":1}},"line":50},"3":{"name":"(anonymous_3)","decl":{"start":{"line":54,"column":40},"end":{"line":54,"column":41}},"loc":{"start":{"line":54,"column":45},"end":{"line":54,"column":52}},"line":54},"4":{"name":"(anonymous_4)","decl":{"start":{"line":75,"column":60},"end":{"line":75,"column":61}},"loc":{"start":{"line":75,"column":92},"end":{"line":89,"column":1}},"line":75},"5":{"name":"(anonymous_5)","decl":{"start":{"line":79,"column":40},"end":{"line":79,"column":41}},"loc":{"start":{"line":79,"column":45},"end":{"line":79,"column":52}},"line":79},"6":{"name":"(anonymous_6)","decl":{"start":{"line":103,"column":37},"end":{"line":103,"column":38}},"loc":{"start":{"line":103,"column":69},"end":{"line":117,"column":1}},"line":103},"7":{"name":"(anonymous_7)","decl":{"start":{"line":107,"column":40},"end":{"line":107,"column":41}},"loc":{"start":{"line":107,"column":45},"end":{"line":107,"column":52}},"line":107}},"branchMap":{"0":{"loc":{"start":{"line":26,"column":4},"end":{"line":29,"column":5}},"type":"if","locations":[{"start":{"line":26,"column":4},"end":{"line":29,"column":5}},{"start":{},"end":{}}],"line":26},"1":{"loc":{"start":{"line":53,"column":4},"end":{"line":56,"column":5}},"type":"if","locations":[{"start":{"line":53,"column":4},"end":{"line":56,"column":5}},{"start":{},"end":{}}],"line":53},"2":{"loc":{"start":{"line":78,"column":4},"end":{"line":81,"column":5}},"type":"if","locations":[{"start":{"line":78,"column":4},"end":{"line":81,"column":5}},{"start":{},"end":{}}],"line":78},"3":{"loc":{"start":{"line":106,"column":4},"end":{"line":109,"column":5}},"type":"if","locations":[{"start":{"line":106,"column":4},"end":{"line":109,"column":5}},{"start":{},"end":{}}],"line":106}},"s":{"0":1,"1":1,"2":1,"3":1,"4":1,"5":1,"6":1,"7":1,"8":1,"9":1,"10":0,"11":0,"12":0,"13":0,"14":0,"15":0,"16":0,"17":0,"18":0,"19":0,"20":0,"21":1,"22":0,"23":0,"24":0,"25":0,"26":0,"27":0,"28":0,"29":0,"30":0,"31":0,"32":1,"33":0,"34":0,"35":0,"36":0,"37":0,"38":0,"39":0,"40":0,"41":0,"42":0,"43":1,"44":0,"45":0,"46":0,"47":0,"48":0,"49":0,"50":0,"51":0,"52":0,"53":0,"54":1},"f":{"0":0,"1":0,"2":0,"3":0,"4":0,"5":0,"6":0,"7":0},"b":{"0":[0,0],"1":[0,0],"2":[0,0],"3":[0,0]},"_coverageSchema":"1a1c01bbd47fc00a2c39e90264f33305004495a9","hash":"cade46e4070e1a3efaa4c98a74e3c27d1c63c61f"}
,"/home/haus/springboard_bootcamp_dec_2023/express-jobly/routes/companies.js": {"path":"/home/haus/springboard_bootcamp_dec_2023/express-jobly/routes/companies.js","statementMap":{"0":{"start":{"line":5,"column":19},"end":{"line":5,"column":40}},"1":{"start":{"line":6,"column":16},"end":{"line":6,"column":34}},"2":{"start":{"line":8,"column":28},"end":{"line":8,"column":54}},"3":{"start":{"line":9,"column":40},"end":{"line":9,"column":69}},"4":{"start":{"line":10,"column":16},"end":{"line":10,"column":44}},"5":{"start":{"line":12,"column":25},"end":{"line":12,"column":62}},"6":{"start":{"line":13,"column":28},"end":{"line":13,"column":68}},"7":{"start":{"line":15,"column":15},"end":{"line":15,"column":35}},"8":{"start":{"line":28,"column":0},"end":{"line":41,"column":3}},"9":{"start":{"line":29,"column":2},"end":{"line":40,"column":3}},"10":{"start":{"line":30,"column":22},"end":{"line":30,"column":69}},"11":{"start":{"line":31,"column":4},"end":{"line":34,"column":5}},"12":{"start":{"line":32,"column":19},"end":{"line":32,"column":53}},"13":{"start":{"line":32,"column":45},"end":{"line":32,"column":52}},"14":{"start":{"line":33,"column":6},"end":{"line":33,"column":38}},"15":{"start":{"line":36,"column":20},"end":{"line":36,"column":50}},"16":{"start":{"line":37,"column":4},"end":{"line":37,"column":45}},"17":{"start":{"line":39,"column":4},"end":{"line":39,"column":21}},"18":{"start":{"line":55,"column":0},"end":{"line":78,"column":3}},"19":{"start":{"line":56,"column":2},"end":{"line":77,"column":3}},"20":{"start":{"line":59,"column":53},"end":{"line":59,"column":62}},"21":{"start":{"line":62,"column":4},"end":{"line":68,"column":5}},"22":{"start":{"line":63,"column":18},"end":{"line":63,"column":40}},"23":{"start":{"line":64,"column":18},"end":{"line":64,"column":40}},"24":{"start":{"line":65,"column":6},"end":{"line":67,"column":7}},"25":{"start":{"line":66,"column":8},"end":{"line":66,"column":87}},"26":{"start":{"line":71,"column":20},"end":{"line":71,"column":60}},"27":{"start":{"line":72,"column":22},"end":{"line":72,"column":52}},"28":{"start":{"line":74,"column":4},"end":{"line":74,"column":35}},"29":{"start":{"line":76,"column":4},"end":{"line":76,"column":21}},"30":{"start":{"line":88,"column":0},"end":{"line":95,"column":3}},"31":{"start":{"line":89,"column":2},"end":{"line":94,"column":3}},"32":{"start":{"line":90,"column":20},"end":{"line":90,"column":56}},"33":{"start":{"line":91,"column":4},"end":{"line":91,"column":33}},"34":{"start":{"line":93,"column":4},"end":{"line":93,"column":21}},"35":{"start":{"line":109,"column":0},"end":{"line":122,"column":3}},"36":{"start":{"line":110,"column":2},"end":{"line":121,"column":3}},"37":{"start":{"line":111,"column":22},"end":{"line":111,"column":72}},"38":{"start":{"line":112,"column":4},"end":{"line":115,"column":5}},"39":{"start":{"line":113,"column":19},"end":{"line":113,"column":53}},"40":{"start":{"line":113,"column":45},"end":{"line":113,"column":52}},"41":{"start":{"line":114,"column":6},"end":{"line":114,"column":38}},"42":{"start":{"line":117,"column":20},"end":{"line":117,"column":69}},"43":{"start":{"line":118,"column":4},"end":{"line":118,"column":33}},"44":{"start":{"line":120,"column":4},"end":{"line":120,"column":21}},"45":{"start":{"line":130,"column":0},"end":{"line":137,"column":3}},"46":{"start":{"line":131,"column":2},"end":{"line":136,"column":3}},"47":{"start":{"line":132,"column":4},"end":{"line":132,"column":44}},"48":{"start":{"line":133,"column":4},"end":{"line":133,"column":52}},"49":{"start":{"line":135,"column":4},"end":{"line":135,"column":21}},"50":{"start":{"line":140,"column":0},"end":{"line":140,"column":24}}},"fnMap":{"0":{"name":"(anonymous_0)","decl":{"start":{"line":28,"column":46},"end":{"line":28,"column":47}},"loc":{"start":{"line":28,"column":78},"end":{"line":41,"column":1}},"line":28},"1":{"name":"(anonymous_1)","decl":{"start":{"line":32,"column":40},"end":{"line":32,"column":41}},"loc":{"start":{"line":32,"column":45},"end":{"line":32,"column":52}},"line":32},"2":{"name":"(anonymous_2)","decl":{"start":{"line":55,"column":16},"end":{"line":55,"column":17}},"loc":{"start":{"line":55,"column":48},"end":{"line":78,"column":1}},"line":55},"3":{"name":"(anonymous_3)","decl":{"start":{"line":88,"column":23},"end":{"line":88,"column":24}},"loc":{"start":{"line":88,"column":55},"end":{"line":95,"column":1}},"line":88},"4":{"name":"(anonymous_4)","decl":{"start":{"line":109,"column":54},"end":{"line":109,"column":55}},"loc":{"start":{"line":109,"column":86},"end":{"line":122,"column":1}},"line":109},"5":{"name":"(anonymous_5)","decl":{"start":{"line":113,"column":40},"end":{"line":113,"column":41}},"loc":{"start":{"line":113,"column":45},"end":{"line":113,"column":52}},"line":113},"6":{"name":"(anonymous_6)","decl":{"start":{"line":130,"column":55},"end":{"line":130,"column":56}},"loc":{"start":{"line":130,"column":87},"end":{"line":137,"column":1}},"line":130}},"branchMap":{"0":{"loc":{"start":{"line":31,"column":4},"end":{"line":34,"column":5}},"type":"if","locations":[{"start":{"line":31,"column":4},"end":{"line":34,"column":5}},{"start":{},"end":{}}],"line":31},"1":{"loc":{"start":{"line":62,"column":4},"end":{"line":68,"column":5}},"type":"if","locations":[{"start":{"line":62,"column":4},"end":{"line":68,"column":5}},{"start":{},"end":{}}],"line":62},"2":{"loc":{"start":{"line":62,"column":8},"end":{"line":62,"column":64}},"type":"binary-expr","locations":[{"start":{"line":62,"column":8},"end":{"line":62,"column":34}},{"start":{"line":62,"column":38},"end":{"line":62,"column":64}}],"line":62},"3":{"loc":{"start":{"line":65,"column":6},"end":{"line":67,"column":7}},"type":"if","locations":[{"start":{"line":65,"column":6},"end":{"line":67,"column":7}},{"start":{},"end":{}}],"line":65},"4":{"loc":{"start":{"line":112,"column":4},"end":{"line":115,"column":5}},"type":"if","locations":[{"start":{"line":112,"column":4},"end":{"line":115,"column":5}},{"start":{},"end":{}}],"line":112}},"s":{"0":1,"1":1,"2":1,"3":1,"4":1,"5":1,"6":1,"7":1,"8":1,"9":0,"10":0,"11":0,"12":0,"13":0,"14":0,"15":0,"16":0,"17":0,"18":1,"19":0,"20":0,"21":0,"22":0,"23":0,"24":0,"25":0,"26":0,"27":0,"28":0,"29":0,"30":1,"31":0,"32":0,"33":0,"34":0,"35":1,"36":0,"37":0,"38":0,"39":0,"40":0,"41":0,"42":0,"43":0,"44":0,"45":1,"46":0,"47":0,"48":0,"49":0,"50":1},"f":{"0":0,"1":0,"2":0,"3":0,"4":0,"5":0,"6":0},"b":{"0":[0,0],"1":[0,0],"2":[0,0],"3":[0,0],"4":[0,0]},"_coverageSchema":"1a1c01bbd47fc00a2c39e90264f33305004495a9","hash":"9950399dd7ea3002e9fdda5b157b187cf6540f61"}
,"/home/haus/springboard_bootcamp_dec_2023/express-jobly/routes/jobs.js": {"path":"/home/haus/springboard_bootcamp_dec_2023/express-jobly/routes/jobs.js","statementMap":{"0":{"start":{"line":5,"column":19},"end":{"line":5,"column":40}},"1":{"start":{"line":6,"column":16},"end":{"line":6,"column":34}},"2":{"start":{"line":8,"column":28},"end":{"line":8,"column":54}},"3":{"start":{"line":9,"column":40},"end":{"line":9,"column":69}},"4":{"start":{"line":10,"column":12},"end":{"line":10,"column":36}},"5":{"start":{"line":12,"column":21},"end":{"line":12,"column":54}},"6":{"start":{"line":13,"column":24},"end":{"line":13,"column":60}},"7":{"start":{"line":15,"column":15},"end":{"line":15,"column":35}},"8":{"start":{"line":26,"column":0},"end":{"line":39,"column":3}},"9":{"start":{"line":27,"column":2},"end":{"line":38,"column":3}},"10":{"start":{"line":28,"column":22},"end":{"line":28,"column":65}},"11":{"start":{"line":29,"column":4},"end":{"line":32,"column":5}},"12":{"start":{"line":30,"column":19},"end":{"line":30,"column":53}},"13":{"start":{"line":30,"column":45},"end":{"line":30,"column":52}},"14":{"start":{"line":31,"column":6},"end":{"line":31,"column":38}},"15":{"start":{"line":34,"column":16},"end":{"line":34,"column":42}},"16":{"start":{"line":35,"column":4},"end":{"line":35,"column":41}},"17":{"start":{"line":37,"column":4},"end":{"line":37,"column":21}},"18":{"start":{"line":53,"column":0},"end":{"line":62,"column":3}},"19":{"start":{"line":54,"column":2},"end":{"line":61,"column":3}},"20":{"start":{"line":55,"column":48},"end":{"line":55,"column":57}},"21":{"start":{"line":56,"column":20},"end":{"line":56,"column":55}},"22":{"start":{"line":57,"column":17},"end":{"line":57,"column":43}},"23":{"start":{"line":58,"column":4},"end":{"line":58,"column":30}},"24":{"start":{"line":60,"column":4},"end":{"line":60,"column":21}},"25":{"start":{"line":71,"column":0},"end":{"line":78,"column":3}},"26":{"start":{"line":72,"column":2},"end":{"line":77,"column":3}},"27":{"start":{"line":73,"column":16},"end":{"line":73,"column":44}},"28":{"start":{"line":74,"column":4},"end":{"line":74,"column":29}},"29":{"start":{"line":76,"column":4},"end":{"line":76,"column":21}},"30":{"start":{"line":91,"column":0},"end":{"line":104,"column":3}},"31":{"start":{"line":92,"column":2},"end":{"line":103,"column":3}},"32":{"start":{"line":93,"column":22},"end":{"line":93,"column":68}},"33":{"start":{"line":94,"column":4},"end":{"line":97,"column":5}},"34":{"start":{"line":95,"column":19},"end":{"line":95,"column":53}},"35":{"start":{"line":95,"column":45},"end":{"line":95,"column":52}},"36":{"start":{"line":96,"column":6},"end":{"line":96,"column":38}},"37":{"start":{"line":99,"column":16},"end":{"line":99,"column":57}},"38":{"start":{"line":100,"column":4},"end":{"line":100,"column":29}},"39":{"start":{"line":102,"column":4},"end":{"line":102,"column":21}},"40":{"start":{"line":111,"column":0},"end":{"line":118,"column":3}},"41":{"start":{"line":112,"column":2},"end":{"line":117,"column":3}},"42":{"start":{"line":113,"column":4},"end":{"line":113,"column":36}},"43":{"start":{"line":114,"column":4},"end":{"line":114,"column":48}},"44":{"start":{"line":116,"column":4},"end":{"line":116,"column":21}},"45":{"start":{"line":120,"column":0},"end":{"line":120,"column":24}}},"fnMap":{"0":{"name":"(anonymous_0)","decl":{"start":{"line":26,"column":46},"end":{"line":26,"column":47}},"loc":{"start":{"line":26,"column":78},"end":{"line":39,"column":1}},"line":26},"1":{"name":"(anonymous_1)","decl":{"start":{"line":30,"column":40},"end":{"line":30,"column":41}},"loc":{"start":{"line":30,"column":45},"end":{"line":30,"column":52}},"line":30},"2":{"name":"(anonymous_2)","decl":{"start":{"line":53,"column":16},"end":{"line":53,"column":17}},"loc":{"start":{"line":53,"column":48},"end":{"line":62,"column":1}},"line":53},"3":{"name":"(anonymous_3)","decl":{"start":{"line":71,"column":19},"end":{"line":71,"column":20}},"loc":{"start":{"line":71,"column":51},"end":{"line":78,"column":1}},"line":71},"4":{"name":"(anonymous_4)","decl":{"start":{"line":91,"column":50},"end":{"line":91,"column":51}},"loc":{"start":{"line":91,"column":82},"end":{"line":104,"column":1}},"line":91},"5":{"name":"(anonymous_5)","decl":{"start":{"line":95,"column":40},"end":{"line":95,"column":41}},"loc":{"start":{"line":95,"column":45},"end":{"line":95,"column":52}},"line":95},"6":{"name":"(anonymous_6)","decl":{"start":{"line":111,"column":51},"end":{"line":111,"column":52}},"loc":{"start":{"line":111,"column":83},"end":{"line":118,"column":1}},"line":111}},"branchMap":{"0":{"loc":{"start":{"line":29,"column":4},"end":{"line":32,"column":5}},"type":"if","locations":[{"start":{"line":29,"column":4},"end":{"line":32,"column":5}},{"start":{},"end":{}}],"line":29},"1":{"loc":{"start":{"line":94,"column":4},"end":{"line":97,"column":5}},"type":"if","locations":[{"start":{"line":94,"column":4},"end":{"line":97,"column":5}},{"start":{},"end":{}}],"line":94}},"s":{"0":1,"1":1,"2":1,"3":1,"4":1,"5":1,"6":1,"7":1,"8":1,"9":3,"10":3,"11":3,"12":3,"13":3,"14":3,"15":0,"16":0,"17":3,"18":1,"19":6,"20":6,"21":6,"22":6,"23":6,"24":0,"25":1,"26":2,"27":2,"28":0,"29":2,"30":1,"31":3,"32":3,"33":3,"34":1,"35":1,"36":1,"37":2,"38":0,"39":3,"40":1,"41":2,"42":2,"43":0,"44":2,"45":1},"f":{"0":3,"1":3,"2":6,"3":2,"4":3,"5":1,"6":2},"b":{"0":[3,0],"1":[1,2]},"_coverageSchema":"1a1c01bbd47fc00a2c39e90264f33305004495a9","hash":"657e4c4a98aff6ca7c4db04fe58dac83ee79e168"}
,"/home/haus/springboard_bootcamp_dec_2023/express-jobly/routes/users.js": {"path":"/home/haus/springboard_bootcamp_dec_2023/express-jobly/routes/users.js","statementMap":{"0":{"start":{"line":5,"column":19},"end":{"line":5,"column":40}},"1":{"start":{"line":7,"column":16},"end":{"line":7,"column":34}},"2":{"start":{"line":8,"column":66},"end":{"line":8,"column":95}},"3":{"start":{"line":9,"column":28},"end":{"line":9,"column":54}},"4":{"start":{"line":10,"column":13},"end":{"line":10,"column":38}},"5":{"start":{"line":11,"column":24},"end":{"line":11,"column":52}},"6":{"start":{"line":12,"column":22},"end":{"line":12,"column":56}},"7":{"start":{"line":13,"column":25},"end":{"line":13,"column":62}},"8":{"start":{"line":15,"column":15},"end":{"line":15,"column":31}},"9":{"start":{"line":30,"column":0},"end":{"line":44,"column":3}},"10":{"start":{"line":31,"column":2},"end":{"line":43,"column":3}},"11":{"start":{"line":32,"column":22},"end":{"line":32,"column":66}},"12":{"start":{"line":33,"column":4},"end":{"line":36,"column":5}},"13":{"start":{"line":34,"column":19},"end":{"line":34,"column":53}},"14":{"start":{"line":34,"column":45},"end":{"line":34,"column":52}},"15":{"start":{"line":35,"column":6},"end":{"line":35,"column":38}},"16":{"start":{"line":38,"column":17},"end":{"line":38,"column":46}},"17":{"start":{"line":39,"column":18},"end":{"line":39,"column":35}},"18":{"start":{"line":40,"column":4},"end":{"line":40,"column":49}},"19":{"start":{"line":42,"column":4},"end":{"line":42,"column":21}},"20":{"start":{"line":54,"column":0},"end":{"line":61,"column":3}},"21":{"start":{"line":55,"column":2},"end":{"line":60,"column":3}},"22":{"start":{"line":56,"column":18},"end":{"line":56,"column":38}},"23":{"start":{"line":57,"column":4},"end":{"line":57,"column":31}},"24":{"start":{"line":59,"column":4},"end":{"line":59,"column":21}},"25":{"start":{"line":71,"column":0},"end":{"line":78,"column":3}},"26":{"start":{"line":72,"column":2},"end":{"line":77,"column":3}},"27":{"start":{"line":73,"column":17},"end":{"line":73,"column":52}},"28":{"start":{"line":74,"column":4},"end":{"line":74,"column":30}},"29":{"start":{"line":76,"column":4},"end":{"line":76,"column":21}},"30":{"start":{"line":91,"column":0},"end":{"line":104,"column":3}},"31":{"start":{"line":92,"column":2},"end":{"line":103,"column":3}},"32":{"start":{"line":93,"column":22},"end":{"line":93,"column":69}},"33":{"start":{"line":94,"column":4},"end":{"line":97,"column":5}},"34":{"start":{"line":95,"column":19},"end":{"line":95,"column":53}},"35":{"start":{"line":95,"column":45},"end":{"line":95,"column":52}},"36":{"start":{"line":96,"column":6},"end":{"line":96,"column":38}},"37":{"start":{"line":99,"column":17},"end":{"line":99,"column":65}},"38":{"start":{"line":100,"column":4},"end":{"line":100,"column":30}},"39":{"start":{"line":102,"column":4},"end":{"line":102,"column":21}},"40":{"start":{"line":112,"column":0},"end":{"line":119,"column":3}},"41":{"start":{"line":113,"column":2},"end":{"line":118,"column":3}},"42":{"start":{"line":114,"column":4},"end":{"line":114,"column":43}},"43":{"start":{"line":115,"column":4},"end":{"line":115,"column":54}},"44":{"start":{"line":117,"column":4},"end":{"line":117,"column":21}},"45":{"start":{"line":122,"column":0},"end":{"line":122,"column":24}}},"fnMap":{"0":{"name":"(anonymous_0)","decl":{"start":{"line":30,"column":46},"end":{"line":30,"column":47}},"loc":{"start":{"line":30,"column":78},"end":{"line":44,"column":1}},"line":30},"1":{"name":"(anonymous_1)","decl":{"start":{"line":34,"column":40},"end":{"line":34,"column":41}},"loc":{"start":{"line":34,"column":45},"end":{"line":34,"column":52}},"line":34},"2":{"name":"(anonymous_2)","decl":{"start":{"line":54,"column":45},"end":{"line":54,"column":46}},"loc":{"start":{"line":54,"column":77},"end":{"line":61,"column":1}},"line":54},"3":{"name":"(anonymous_3)","decl":{"start":{"line":71,"column":67},"end":{"line":71,"column":68}},"loc":{"start":{"line":71,"column":99},"end":{"line":78,"column":1}},"line":71},"4":{"name":"(anonymous_4)","decl":{"start":{"line":91,"column":69},"end":{"line":91,"column":70}},"loc":{"start":{"line":91,"column":101},"end":{"line":104,"column":1}},"line":91},"5":{"name":"(anonymous_5)","decl":{"start":{"line":95,"column":40},"end":{"line":95,"column":41}},"loc":{"start":{"line":95,"column":45},"end":{"line":95,"column":52}},"line":95},"6":{"name":"(anonymous_6)","decl":{"start":{"line":112,"column":70},"end":{"line":112,"column":71}},"loc":{"start":{"line":112,"column":102},"end":{"line":119,"column":1}},"line":112}},"branchMap":{"0":{"loc":{"start":{"line":33,"column":4},"end":{"line":36,"column":5}},"type":"if","locations":[{"start":{"line":33,"column":4},"end":{"line":36,"column":5}},{"start":{},"end":{}}],"line":33},"1":{"loc":{"start":{"line":94,"column":4},"end":{"line":97,"column":5}},"type":"if","locations":[{"start":{"line":94,"column":4},"end":{"line":97,"column":5}},{"start":{},"end":{}}],"line":94}},"s":{"0":1,"1":1,"2":1,"3":1,"4":1,"5":1,"6":1,"7":1,"8":1,"9":1,"10":0,"11":0,"12":0,"13":0,"14":0,"15":0,"16":0,"17":0,"18":0,"19":0,"20":1,"21":0,"22":0,"23":0,"24":0,"25":1,"26":0,"27":0,"28":0,"29":0,"30":1,"31":0,"32":0,"33":0,"34":0,"35":0,"36":0,"37":0,"38":0,"39":0,"40":1,"41":0,"42":0,"43":0,"44":0,"45":1},"f":{"0":0,"1":0,"2":0,"3":0,"4":0,"5":0,"6":0},"b":{"0":[0,0],"1":[0,0]},"_coverageSchema":"1a1c01bbd47fc00a2c39e90264f33305004495a9","hash":"a2c8f2d71aca5de493420e321e574e225e3bd1e7"}
}
