TN:
SF:app.js
FN:32,(anonymous_0)
FN:37,(anonymous_1)
FNF:2
FNH:1
FNDA:0,(anonymous_0)
FNDA:15,(anonymous_1)
DA:5,1
DA:6,1
DA:8,1
DA:10,1
DA:11,1
DA:12,1
DA:13,1
DA:14,1
DA:17,1
DA:19,1
DA:21,1
DA:22,1
DA:23,1
DA:24,1
DA:26,1
DA:27,1
DA:28,1
DA:29,1
DA:32,1
DA:33,0
DA:37,1
DA:38,15
DA:39,15
DA:40,15
DA:42,15
DA:47,1
LF:26
LH:25
BRDA:38,0,0,0
BRDA:38,0,1,15
BRDA:39,1,0,15
BRDA:39,1,1,0
BRF:4
BRH:2
end_of_record
TN:
SF:config.js
FN:13,getDatabaseUri
FNF:1
FNH:1
FNDA:2,getDatabaseUri
DA:5,1
DA:6,1
DA:8,1
DA:10,1
DA:14,2
DA:22,1
DA:24,1
DA:25,1
DA:26,1
DA:27,1
DA:28,1
DA:29,1
DA:31,1
LF:13
LH:13
BRDA:8,0,0,1
BRDA:8,0,1,1
BRDA:10,1,0,1
BRDA:10,1,1,1
BRDA:14,2,0,2
BRDA:14,2,1,0
BRDA:16,3,0,0
BRDA:16,3,1,0
BRDA:22,4,0,1
BRDA:22,4,1,0
BRF:10
BRH:6
end_of_record
TN:
SF:db.js
FNF:0
FNH:0
DA:3,1
DA:4,1
DA:8,1
DA:9,0
DA:16,1
DA:21,1
DA:23,1
LF:7
LH:6
BRDA:8,0,0,0
BRDA:8,0,1,1
BRF:2
BRH:1
end_of_record
TN:
SF:expressError.js
FN:8,(anonymous_0)
FN:18,(anonymous_1)
FN:26,(anonymous_2)
FN:34,(anonymous_3)
FN:42,(anonymous_4)
FNF:5
FNH:5
FNDA:15,(anonymous_0)
FNDA:6,(anonymous_1)
FNDA:2,(anonymous_2)
FNDA:4,(anonymous_3)
FNDA:3,(anonymous_4)
DA:9,15
DA:10,15
DA:11,15
DA:19,6
DA:27,2
DA:35,4
DA:43,3
DA:47,1
LF:8
LH:8
BRDA:18,0,0,0
BRDA:26,1,0,2
BRDA:34,2,0,0
BRDA:42,3,0,3
BRF:4
BRH:2
end_of_record
TN:
SF:helpers/sql.js
FN:5,sqlForPartialUpdate
FN:10,(anonymous_1)
FNF:2
FNH:2
FNDA:2,sqlForPartialUpdate
FNDA:2,(anonymous_1)
DA:1,1
DA:6,2
DA:7,2
DA:10,2
DA:11,2
DA:14,2
DA:20,1
LF:7
LH:7
BRDA:7,0,0,0
BRDA:7,0,1,2
BRDA:11,1,0,2
BRDA:11,1,1,2
BRF:4
BRH:3
end_of_record
TN:
SF:helpers/tokens.js
FN:6,createToken
FNF:1
FNH:1
FNDA:2,createToken
DA:1,1
DA:2,1
DA:7,2
DA:10,2
DA:15,2
DA:18,1
LF:6
LH:6
BRDA:12,0,0,2
BRDA:12,0,1,1
BRF:2
BRH:2
end_of_record
TN:
SF:middleware/auth.js
FN:18,authenticateJWT
FN:36,ensureLoggedIn
FN:50,ensureAdmin
FN:61,ensureCorrectUserOrAdmin
FNF:4
FNH:3
FNDA:21,authenticateJWT
FNDA:13,ensureLoggedIn
FNDA:11,ensureAdmin
FNDA:0,ensureCorrectUserOrAdmin
DA:5,1
DA:6,1
DA:7,1
DA:19,21
DA:20,21
DA:21,21
DA:22,11
DA:23,11
DA:25,21
DA:27,0
DA:37,13
DA:38,13
DA:39,11
DA:41,2
DA:51,11
DA:52,11
DA:53,3
DA:55,8
DA:57,3
DA:62,0
DA:63,0
DA:64,0
DA:65,0
DA:67,0
DA:69,0
DA:73,1
LF:26
LH:19
BRDA:20,0,0,21
BRDA:20,0,1,21
BRDA:21,1,0,11
BRDA:21,1,1,10
BRDA:38,2,0,2
BRDA:38,2,1,11
BRDA:52,3,0,3
BRDA:52,3,1,8
BRDA:52,4,0,11
BRDA:52,4,1,11
BRDA:64,5,0,0
BRDA:64,5,1,0
BRDA:64,6,0,0
BRDA:64,6,1,0
BRDA:64,6,2,0
BRF:15
BRH:10
end_of_record
TN:
SF:models/company.js
FN:19,(anonymous_0)
FN:57,(anonymous_1)
FN:111,(anonymous_2)
FN:141,(anonymous_3)
FN:171,(anonymous_4)
FNF:5
FNH:1
FNDA:3,(anonymous_0)
FNDA:0,(anonymous_1)
FNDA:0,(anonymous_2)
FNDA:0,(anonymous_3)
FNDA:0,(anonymous_4)
DA:3,1
DA:4,1
DA:5,1
DA:20,3
DA:26,3
DA:27,0
DA:29,3
DA:42,3
DA:44,3
DA:58,0
DA:64,0
DA:65,0
DA:68,0
DA:70,0
DA:71,0
DA:72,0
DA:75,0
DA:76,0
DA:77,0
DA:80,0
DA:81,0
DA:82,0
DA:86,0
DA:87,0
DA:90,0
DA:91,0
DA:96,0
DA:99,0
DA:100,0
DA:112,0
DA:122,0
DA:124,0
DA:126,0
DA:142,0
DA:148,0
DA:150,0
DA:158,0
DA:159,0
DA:161,0
DA:163,0
DA:172,0
DA:178,0
DA:180,0
DA:185,1
LF:44
LH:9
BRDA:26,0,0,0
BRDA:26,0,1,3
BRDA:57,1,0,0
BRDA:70,2,0,0
BRDA:70,2,1,0
BRDA:75,3,0,0
BRDA:75,3,1,0
BRDA:80,4,0,0
BRDA:80,4,1,0
BRDA:86,5,0,0
BRDA:86,5,1,0
BRDA:90,6,0,0
BRDA:90,6,1,0
BRDA:90,7,0,0
BRDA:90,7,1,0
BRDA:90,7,2,0
BRDA:124,8,0,0
BRDA:124,8,1,0
BRDA:161,9,0,0
BRDA:161,9,1,0
BRDA:180,10,0,0
BRDA:180,10,1,0
BRF:22
BRH:1
end_of_record
TN:
SF:models/job.js
FN:19,(anonymous_0)
FN:56,(anonymous_1)
FN:103,(anonymous_2)
FN:134,(anonymous_3)
FN:161,(anonymous_4)
FNF:5
FNH:5
FNDA:3,(anonymous_0)
FNDA:6,(anonymous_1)
FNDA:2,(anonymous_2)
FNDA:2,(anonymous_3)
FNDA:2,(anonymous_4)
DA:3,1
DA:4,1
DA:5,1
DA:20,3
DA:26,3
DA:27,0
DA:29,3
DA:41,3
DA:43,3
DA:57,6
DA:63,6
DA:64,6
DA:67,6
DA:69,6
DA:70,3
DA:71,3
DA:74,6
DA:75,0
DA:78,6
DA:79,2
DA:80,2
DA:84,6
DA:85,4
DA:89,6
DA:92,6
DA:93,6
DA:104,2
DA:115,2
DA:117,2
DA:119,0
DA:135,2
DA:138,2
DA:140,2
DA:148,2
DA:149,2
DA:151,2
DA:153,0
DA:162,2
DA:169,2
DA:171,2
DA:175,1
LF:41
LH:37
BRDA:26,0,0,0
BRDA:26,0,1,3
BRDA:56,1,0,0
BRDA:69,2,0,3
BRDA:69,2,1,3
BRDA:74,3,0,0
BRDA:74,3,1,6
BRDA:78,4,0,2
BRDA:78,4,1,4
BRDA:84,5,0,4
BRDA:84,5,1,2
BRDA:117,6,0,2
BRDA:117,6,1,0
BRDA:151,7,0,2
BRDA:151,7,1,0
BRDA:171,8,0,2
BRDA:171,8,1,0
BRF:17
BRH:11
end_of_record
TN:
SF:models/user.js
FN:24,(anonymous_0)
FN:59,(anonymous_1)
FN:112,(anonymous_2)
FN:134,(anonymous_3)
FN:170,(anonymous_4)
FN:203,(anonymous_5)
FNF:6
FNH:1
FNDA:0,(anonymous_0)
FNDA:4,(anonymous_1)
FNDA:0,(anonymous_2)
FNDA:0,(anonymous_3)
FNDA:0,(anonymous_4)
FNDA:0,(anonymous_5)
DA:3,1
DA:4,1
DA:5,1
DA:10,1
DA:12,1
DA:26,0
DA:38,0
DA:40,0
DA:42,0
DA:43,0
DA:44,0
DA:45,0
DA:49,0
DA:61,4
DA:62,4
DA:70,4
DA:71,0
DA:74,4
DA:76,4
DA:78,4
DA:80,4
DA:100,4
DA:102,4
DA:104,4
DA:113,0
DA:123,0
DA:135,0
DA:146,0
DA:148,0
DA:150,0
DA:171,0
DA:172,0
DA:175,0
DA:182,0
DA:184,0
DA:192,0
DA:193,0
DA:195,0
DA:197,0
DA:198,0
DA:204,0
DA:211,0
DA:213,0
DA:218,1
LF:44
LH:16
BRDA:40,0,0,0
BRDA:40,0,1,0
BRDA:43,1,0,0
BRDA:43,1,1,0
BRDA:70,2,0,0
BRDA:70,2,1,4
BRDA:148,3,0,0
BRDA:148,3,1,0
BRDA:171,4,0,0
BRDA:171,4,1,0
BRDA:195,5,0,0
BRDA:195,5,1,0
BRDA:213,6,0,0
BRDA:213,6,1,0
BRF:14
BRH:1
end_of_record
TN:
SF:routes/_testCommon.js
FN:9,commonBeforeAll
FN:98,commonBeforeEach
FN:102,commonAfterEach
FN:106,commonAfterAll
FNF:4
FNH:4
FNDA:1,commonBeforeAll
FNDA:21,commonBeforeEach
FNDA:21,commonAfterEach
FNDA:1,commonAfterAll
DA:3,1
DA:4,1
DA:5,1
DA:6,1
DA:7,1
DA:11,1
DA:13,1
DA:15,1
DA:17,1
DA:25,1
DA:33,1
DA:42,1
DA:49,1
DA:56,1
DA:64,1
DA:72,1
DA:80,1
DA:88,1
DA:99,21
DA:103,21
DA:107,1
DA:110,1
DA:111,1
DA:113,1
LF:24
LH:24
BRF:0
BRH:0
end_of_record
TN:
SF:routes/auth.js
FN:23,(anonymous_0)
FN:27,(anonymous_1)
FN:50,(anonymous_2)
FN:54,(anonymous_3)
FN:75,(anonymous_4)
FN:79,(anonymous_5)
FN:103,(anonymous_6)
FN:107,(anonymous_7)
FNF:8
FNH:0
FNDA:0,(anonymous_0)
FNDA:0,(anonymous_1)
FNDA:0,(anonymous_2)
FNDA:0,(anonymous_3)
FNDA:0,(anonymous_4)
FNDA:0,(anonymous_5)
FNDA:0,(anonymous_6)
FNDA:0,(anonymous_7)
DA:5,1
DA:7,1
DA:8,1
DA:9,1
DA:10,1
DA:11,1
DA:12,1
DA:13,1
DA:14,1
DA:23,1
DA:24,0
DA:25,0
DA:26,0
DA:27,0
DA:28,0
DA:31,0
DA:32,0
DA:33,0
DA:34,0
DA:36,0
DA:50,1
DA:51,0
DA:52,0
DA:53,0
DA:54,0
DA:55,0
DA:58,0
DA:59,0
DA:60,0
DA:62,0
DA:75,1
DA:76,0
DA:77,0
DA:78,0
DA:79,0
DA:80,0
DA:83,0
DA:84,0
DA:85,0
DA:87,0
DA:103,1
DA:104,0
DA:105,0
DA:106,0
DA:107,0
DA:108,0
DA:111,0
DA:112,0
DA:113,0
DA:115,0
DA:119,1
LF:51
LH:14
BRDA:26,0,0,0
BRDA:26,0,1,0
BRDA:53,1,0,0
BRDA:53,1,1,0
BRDA:78,2,0,0
BRDA:78,2,1,0
BRDA:106,3,0,0
BRDA:106,3,1,0
BRF:8
BRH:0
end_of_record
TN:
SF:routes/companies.js
FN:28,(anonymous_0)
FN:32,(anonymous_1)
FN:55,(anonymous_2)
FN:88,(anonymous_3)
FN:109,(anonymous_4)
FN:113,(anonymous_5)
FN:130,(anonymous_6)
FNF:7
FNH:0
FNDA:0,(anonymous_0)
FNDA:0,(anonymous_1)
FNDA:0,(anonymous_2)
FNDA:0,(anonymous_3)
FNDA:0,(anonymous_4)
FNDA:0,(anonymous_5)
FNDA:0,(anonymous_6)
DA:5,1
DA:6,1
DA:8,1
DA:9,1
DA:10,1
DA:12,1
DA:13,1
DA:15,1
DA:28,1
DA:29,0
DA:30,0
DA:31,0
DA:32,0
DA:33,0
DA:36,0
DA:37,0
DA:39,0
DA:55,1
DA:56,0
DA:59,0
DA:62,0
DA:63,0
DA:64,0
DA:65,0
DA:66,0
DA:71,0
DA:72,0
DA:74,0
DA:76,0
DA:88,1
DA:89,0
DA:90,0
DA:91,0
DA:93,0
DA:109,1
DA:110,0
DA:111,0
DA:112,0
DA:113,0
DA:114,0
DA:117,0
DA:118,0
DA:120,0
DA:130,1
DA:131,0
DA:132,0
DA:133,0
DA:135,0
DA:140,1
LF:49
LH:14
BRDA:31,0,0,0
BRDA:31,0,1,0
BRDA:62,1,0,0
BRDA:62,1,1,0
BRDA:62,2,0,0
BRDA:62,2,1,0
BRDA:65,3,0,0
BRDA:65,3,1,0
BRDA:112,4,0,0
BRDA:112,4,1,0
BRF:10
BRH:0
end_of_record
TN:
SF:routes/jobs.js
FN:26,(anonymous_0)
FN:30,(anonymous_1)
FN:53,(anonymous_2)
FN:71,(anonymous_3)
FN:91,(anonymous_4)
FN:95,(anonymous_5)
FN:111,(anonymous_6)
FNF:7
FNH:7
FNDA:3,(anonymous_0)
FNDA:3,(anonymous_1)
FNDA:6,(anonymous_2)
FNDA:2,(anonymous_3)
FNDA:3,(anonymous_4)
FNDA:1,(anonymous_5)
FNDA:2,(anonymous_6)
DA:5,1
DA:6,1
DA:8,1
DA:9,1
DA:10,1
DA:12,1
DA:13,1
DA:15,1
DA:26,1
DA:27,3
DA:28,3
DA:29,3
DA:30,3
DA:31,3
DA:34,0
DA:35,0
DA:37,3
DA:53,1
DA:54,6
DA:55,6
DA:56,6
DA:57,6
DA:58,6
DA:60,0
DA:71,1
DA:72,2
DA:73,2
DA:74,0
DA:76,2
DA:91,1
DA:92,3
DA:93,3
DA:94,3
DA:95,1
DA:96,1
DA:99,2
DA:100,0
DA:102,3
DA:111,1
DA:112,2
DA:113,2
DA:114,0
DA:116,2
DA:120,1
LF:44
LH:38
BRDA:29,0,0,3
BRDA:29,0,1,0
BRDA:94,1,0,1
BRDA:94,1,1,2
BRF:4
BRH:3
end_of_record
TN:
SF:routes/users.js
FN:30,(anonymous_0)
FN:34,(anonymous_1)
FN:54,(anonymous_2)
FN:71,(anonymous_3)
FN:91,(anonymous_4)
FN:95,(anonymous_5)
FN:112,(anonymous_6)
FNF:7
FNH:0
FNDA:0,(anonymous_0)
FNDA:0,(anonymous_1)
FNDA:0,(anonymous_2)
FNDA:0,(anonymous_3)
FNDA:0,(anonymous_4)
FNDA:0,(anonymous_5)
FNDA:0,(anonymous_6)
DA:5,1
DA:7,1
DA:8,1
DA:9,1
DA:10,1
DA:11,1
DA:12,1
DA:13,1
DA:15,1
DA:30,1
DA:31,0
DA:32,0
DA:33,0
DA:34,0
DA:35,0
DA:38,0
DA:39,0
DA:40,0
DA:42,0
DA:54,1
DA:55,0
DA:56,0
DA:57,0
DA:59,0
DA:71,1
DA:72,0
DA:73,0
DA:74,0
DA:76,0
DA:91,1
DA:92,0
DA:93,0
DA:94,0
DA:95,0
DA:96,0
DA:99,0
DA:100,0
DA:102,0
DA:112,1
DA:113,0
DA:114,0
DA:115,0
DA:117,0
DA:122,1
LF:44
LH:15
BRDA:33,0,0,0
BRDA:33,0,1,0
BRDA:94,1,0,0
BRDA:94,1,1,0
BRF:4
BRH:0
end_of_record
